Jupyter server is running on: gpu-28
Job starts at: Mon Nov 12 17:08:55 EST 2018
Step 1 :
If you are working in NYU campus, please open an iTerm window, run command
ssh -L 7591:localhost:7591 qx244@prince.hpc.nyu.edu
If you are working off campus, you should already have ssh tunneling setup through HPC bastion host, 
that you can directly login to prince with command
ssh qx244@prince
Please open an iTerm window, run command
ssh -L 7591:localhost:7591 qx244@prince
Step 2:
Keep the iTerm windows in the previouse step open. Now open browser, find the line with
The Jupyter Notebook is running at: gpu-28
the URL is something: http://localhost:7591/?token=XXXXXXXX (see your token below)
you should be able to connect to jupyter notebook running remotly on prince compute node with above url
[I 17:08:57.537 LabApp] [nb_conda_kernels] enabled, 1 kernels found
[I 17:08:57.661 LabApp] Writing notebook server cookie secret to /state/partition1/job-9970643/jupyter/notebook_cookie_secret
[I 17:08:58.405 LabApp] JupyterLab extension loaded from /home/qx244/miniconda3/envs/openpose/lib/python3.6/site-packages/jupyterlab
[I 17:08:58.405 LabApp] JupyterLab application directory is /home/qx244/miniconda3/envs/openpose/share/jupyter/lab
[I 17:08:58.596 LabApp] [nb_conda] enabled
[W 17:08:58.596 LabApp] JupyterLab server extension not enabled, manually loading...
[I 17:08:58.600 LabApp] JupyterLab extension loaded from /home/qx244/miniconda3/envs/openpose/lib/python3.6/site-packages/jupyterlab
[I 17:08:58.600 LabApp] JupyterLab application directory is /home/qx244/miniconda3/envs/openpose/share/jupyter/lab
[I 17:08:58.601 LabApp] Serving notebooks from local directory: /home/qx244/run
[I 17:08:58.601 LabApp] The Jupyter Notebook is running at:
[I 17:08:58.601 LabApp] http://localhost:7591/?token=79999a7026ee3b3457adc75ce55c2157d792a9ea0ba0e091
[I 17:08:58.601 LabApp] Use Control-C to stop this server and shut down all kernels (twice to skip confirmation).
[C 17:08:58.601 LabApp] 
    
    Copy/paste this URL into your browser when you connect for the first time,
    to login with a token:
        http://localhost:7591/?token=79999a7026ee3b3457adc75ce55c2157d792a9ea0ba0e091
slurmstepd: error: *** JOB 9970643 ON gpu-28 CANCELLED AT 2018-11-13T01:02:38 ***
